2020-02-28T12:35:36+00:00 CRITICAL Uncaught Error: Cannot use object of type WP_Error as array in /var/www/html/wp-content/plugins/mailchimp-for-woocommerce/admin/class-mailchimp-woocommerce-admin.php:493
Stack trace:
#0 /var/www/html/wp-includes/class-wp-hook.php(288): MailChimp_WooCommerce_Admin->mailchimp_woocommerce_ajax_oauth_start('')
#1 /var/www/html/wp-includes/class-wp-hook.php(312): WP_Hook->apply_filters('', Array)
#2 /var/www/html/wp-includes/plugin.php(478): WP_Hook->do_action(Array)
#3 /var/www/html/wp-admin/admin-ajax.php(175): do_action('wp_ajax_mailchi...')
#4 {main}
  thrown in /var/www/html/wp-content/plugins/mailchimp-for-woocommerce/admin/class-mailchimp-woocommerce-admin.php on line 493

2020-02-28T12:36:24+00:00 CRITICAL Uncaught Error: Cannot use object of type WP_Error as array in /var/www/html/wp-content/plugins/mailchimp-for-woocommerce/admin/class-mailchimp-woocommerce-admin.php:493
Stack trace:
#0 /var/www/html/wp-includes/class-wp-hook.php(288): MailChimp_WooCommerce_Admin->mailchimp_woocommerce_ajax_oauth_start('')
#1 /var/www/html/wp-includes/class-wp-hook.php(312): WP_Hook->apply_filters('', Array)
#2 /var/www/html/wp-includes/plugin.php(478): WP_Hook->do_action(Array)
#3 /var/www/html/wp-admin/admin-ajax.php(175): do_action('wp_ajax_mailchi...')
#4 {main}
  thrown in /var/www/html/wp-content/plugins/mailchimp-for-woocommerce/admin/class-mailchimp-woocommerce-admin.php on line 493

2020-02-28T12:38:59+00:00 CRITICAL Uncaught Error: Cannot use object of type WP_Error as array in /var/www/html/wp-content/plugins/mailchimp-for-woocommerce/admin/class-mailchimp-woocommerce-admin.php:493
Stack trace:
#0 /var/www/html/wp-includes/class-wp-hook.php(288): MailChimp_WooCommerce_Admin->mailchimp_woocommerce_ajax_oauth_start('')
#1 /var/www/html/wp-includes/class-wp-hook.php(312): WP_Hook->apply_filters('', Array)
#2 /var/www/html/wp-includes/plugin.php(478): WP_Hook->do_action(Array)
#3 /var/www/html/wp-admin/admin-ajax.php(175): do_action('wp_ajax_mailchi...')
#4 {main}
  thrown in /var/www/html/wp-content/plugins/mailchimp-for-woocommerce/admin/class-mailchimp-woocommerce-admin.php on line 493

