2020-03-17T01:02:54+00:00 INFO Array
(
    [Webhook Delivery] => Array
        (
            [Delivery ID] => 60c6b385fa50ca5a6f8cee006b491251
            [Date] => Mar 17, 2020 @ 1:02
            [URL] => https://rpersonalshopper.vendhq.com/channel_webhooks/1219538674955800576
            [Duration] => 0.73217
            [Request] => Array
                (
                    [Method] => POST
                    [Headers] => Array
                        (
                            [User-Agent] => WooCommerce/3.9.1 Hookshot (WordPress/5.3.2)
                            [Content-Type] => application/json
                            [X-WC-Webhook-Source] => https://rps.fashion/
                            [X-WC-Webhook-Topic] => product.deleted
                            [X-WC-Webhook-Resource] => product
                            [X-WC-Webhook-Event] => deleted
                            [X-WC-Webhook-Signature] => iI8Wjid9gGr2QkXT72U6o07QtHDhFLxwtFhodFjIrnE=
                            [X-WC-Webhook-ID] => 28
                            [X-WC-Webhook-Delivery-ID] => 60c6b385fa50ca5a6f8cee006b491251
                        )

                )

            [Body] => Webhook body is not logged unless WP_DEBUG mode is turned on. This is to avoid the storing of personal data in the logs.
            [Response] => Array
                (
                    [Code] => 202
                    [Message] => Accepted
                    [Headers] => Requests_Utility_CaseInsensitiveDictionary Object
                        (
                            [data:protected] => Array
                                (
                                    [date] => Tue, 17 Mar 2020 01:02:54 GMT
                                    [content-type] => application/octet-stream
                                    [content-length] => 0
                                    [server] => openresty
                                    [x-amzn-trace-id] => Root=1-5e7021be-96080134b8079e0bd1755078
                                    [vend-rid] => 96080134b8079e0bd1755078
                                    [vend-ingress] => duke-a7733a371fa9
                                    [vend-canary] => wattle_street
                                    [x-webkit-csp] => frame-ancestors 'self' *.vendhq.com; report-uri https://csp.api.vendhq.com/prod/report;
                                    [x-content-security-policy] => frame-ancestors 'self' *.vendhq.com; report-uri https://csp.api.vendhq.com/prod/report;
                                    [x-frame-options] => SAMEORIGIN
                                    [content-security-policy] => frame-ancestors 'self' *.vendhq.com; report-uri https://csp.api.vendhq.com/prod/report;
                                    [x-hue] => router-049d2cdc4b41ea0e4
                                )

                        )

                    [Body] => Webhook body is not logged unless WP_DEBUG mode is turned on. This is to avoid the storing of personal data in the logs.
                )

        )

)

2020-03-17T01:02:55+00:00 INFO Array
(
    [Webhook Delivery] => Array
        (
            [Delivery ID] => 6e1a97d3e7947fde68645024576dfec6
            [Date] => Mar 17, 2020 @ 1:02
            [URL] => https://rpersonalshopper.vendhq.com/channel_webhooks/1219538674955800576
            [Duration] => 0.63525
            [Request] => Array
                (
                    [Method] => POST
                    [Headers] => Array
                        (
                            [User-Agent] => WooCommerce/3.9.1 Hookshot (WordPress/5.3.2)
                            [Content-Type] => application/json
                            [X-WC-Webhook-Source] => https://rps.fashion/
                            [X-WC-Webhook-Topic] => product.deleted
                            [X-WC-Webhook-Resource] => product
                            [X-WC-Webhook-Event] => deleted
                            [X-WC-Webhook-Signature] => 72lu3x1a68OjvLEbhQ5Kvufjvya/a51U9icHqLwX2sc=
                            [X-WC-Webhook-ID] => 28
                            [X-WC-Webhook-Delivery-ID] => 6e1a97d3e7947fde68645024576dfec6
                        )

                )

            [Body] => Webhook body is not logged unless WP_DEBUG mode is turned on. This is to avoid the storing of personal data in the logs.
            [Response] => Array
                (
                    [Code] => 202
                    [Message] => Accepted
                    [Headers] => Requests_Utility_CaseInsensitiveDictionary Object
                        (
                            [data:protected] => Array
                                (
                                    [date] => Tue, 17 Mar 2020 01:02:55 GMT
                                    [content-type] => application/octet-stream
                                    [content-length] => 0
                                    [server] => openresty
                                    [x-amzn-trace-id] => Root=1-5e7021bf-24ee857b730ba3cd51b07ef0
                                    [vend-rid] => 24ee857b730ba3cd51b07ef0
                                    [vend-ingress] => duke-a7733a371fa9
                                    [vend-canary] => wattle_street
                                    [x-webkit-csp] => frame-ancestors 'self' *.vendhq.com; report-uri https://csp.api.vendhq.com/prod/report;
                                    [x-content-security-policy] => frame-ancestors 'self' *.vendhq.com; report-uri https://csp.api.vendhq.com/prod/report;
                                    [x-frame-options] => SAMEORIGIN
                                    [content-security-policy] => frame-ancestors 'self' *.vendhq.com; report-uri https://csp.api.vendhq.com/prod/report;
                                    [x-hue] => router-0e50afdcc62591894
                                )

                        )

                    [Body] => Webhook body is not logged unless WP_DEBUG mode is turned on. This is to avoid the storing of personal data in the logs.
                )

        )

)

2020-03-17T01:02:55+00:00 INFO Array
(
    [Webhook Delivery] => Array
        (
            [Delivery ID] => 2c480d1024fe2b28c7bf43292ad7d754
            [Date] => Mar 17, 2020 @ 1:02
            [URL] => https://rpersonalshopper.vendhq.com/channel_webhooks/1219538674955800576
            [Duration] => 0.67548
            [Request] => Array
                (
                    [Method] => POST
                    [Headers] => Array
                        (
                            [User-Agent] => WooCommerce/3.9.1 Hookshot (WordPress/5.3.2)
                            [Content-Type] => application/json
                            [X-WC-Webhook-Source] => https://rps.fashion/
                            [X-WC-Webhook-Topic] => product.deleted
                            [X-WC-Webhook-Resource] => product
                            [X-WC-Webhook-Event] => deleted
                            [X-WC-Webhook-Signature] => Ke68vnoGAbxQThEoUGrNgi7HV+8jgMBy27cQUScfXIc=
                            [X-WC-Webhook-ID] => 28
                            [X-WC-Webhook-Delivery-ID] => 2c480d1024fe2b28c7bf43292ad7d754
                        )

                )

            [Body] => Webhook body is not logged unless WP_DEBUG mode is turned on. This is to avoid the storing of personal data in the logs.
            [Response] => Array
                (
                    [Code] => 202
                    [Message] => Accepted
                    [Headers] => Requests_Utility_CaseInsensitiveDictionary Object
                        (
                            [data:protected] => Array
                                (
                                    [date] => Tue, 17 Mar 2020 01:02:55 GMT
                                    [content-type] => application/octet-stream
                                    [content-length] => 0
                                    [server] => openresty
                                    [x-amzn-trace-id] => Root=1-5e7021bf-3e2c07b23fc3b7fa6f04ed04
                                    [vend-rid] => 3e2c07b23fc3b7fa6f04ed04
                                    [vend-ingress] => duke-ebdef588cbe2
                                    [vend-canary] => wattle_street
                                    [x-webkit-csp] => frame-ancestors 'self' *.vendhq.com; report-uri https://csp.api.vendhq.com/prod/report;
                                    [x-content-security-policy] => frame-ancestors 'self' *.vendhq.com; report-uri https://csp.api.vendhq.com/prod/report;
                                    [x-frame-options] => SAMEORIGIN
                                    [content-security-policy] => frame-ancestors 'self' *.vendhq.com; report-uri https://csp.api.vendhq.com/prod/report;
                                    [x-hue] => router-0593edf601090d34f
                                )

                        )

                    [Body] => Webhook body is not logged unless WP_DEBUG mode is turned on. This is to avoid the storing of personal data in the logs.
                )

        )

)

2020-03-17T01:02:56+00:00 INFO Array
(
    [Webhook Delivery] => Array
        (
            [Delivery ID] => 2c480d1024fe2b28c7bf43292ad7d754
            [Date] => Mar 17, 2020 @ 1:02
            [URL] => https://rpersonalshopper.vendhq.com/channel_webhooks/1219538674955800576
            [Duration] => 0.67497
            [Request] => Array
                (
                    [Method] => POST
                    [Headers] => Array
                        (
                            [User-Agent] => WooCommerce/3.9.1 Hookshot (WordPress/5.3.2)
                            [Content-Type] => application/json
                            [X-WC-Webhook-Source] => https://rps.fashion/
                            [X-WC-Webhook-Topic] => product.deleted
                            [X-WC-Webhook-Resource] => product
                            [X-WC-Webhook-Event] => deleted
                            [X-WC-Webhook-Signature] => cRqBYBkpYN8QImqQc9PCpNqQipAJtI/CpS9MS6iJp6M=
                            [X-WC-Webhook-ID] => 28
                            [X-WC-Webhook-Delivery-ID] => 2c480d1024fe2b28c7bf43292ad7d754
                        )

                )

            [Body] => Webhook body is not logged unless WP_DEBUG mode is turned on. This is to avoid the storing of personal data in the logs.
            [Response] => Array
                (
                    [Code] => 202
                    [Message] => Accepted
                    [Headers] => Requests_Utility_CaseInsensitiveDictionary Object
                        (
                            [data:protected] => Array
                                (
                                    [date] => Tue, 17 Mar 2020 01:02:56 GMT
                                    [content-type] => application/octet-stream
                                    [content-length] => 0
                                    [server] => openresty
                                    [x-amzn-trace-id] => Root=1-5e7021c0-4dac6a29acb090c792586e5d
                                    [vend-rid] => 4dac6a29acb090c792586e5d
                                    [vend-ingress] => duke-e4e6ef6d75c3
                                    [vend-canary] => wattle_street
                                    [x-webkit-csp] => frame-ancestors 'self' *.vendhq.com; report-uri https://csp.api.vendhq.com/prod/report;
                                    [x-content-security-policy] => frame-ancestors 'self' *.vendhq.com; report-uri https://csp.api.vendhq.com/prod/report;
                                    [x-frame-options] => SAMEORIGIN
                                    [content-security-policy] => frame-ancestors 'self' *.vendhq.com; report-uri https://csp.api.vendhq.com/prod/report;
                                    [x-hue] => router-0e50afdcc62591894
                                )

                        )

                    [Body] => Webhook body is not logged unless WP_DEBUG mode is turned on. This is to avoid the storing of personal data in the logs.
                )

        )

)

2020-03-17T01:02:57+00:00 INFO Array
(
    [Webhook Delivery] => Array
        (
            [Delivery ID] => ee41d404cc31afee6173705e17d91da7
            [Date] => Mar 17, 2020 @ 1:02
            [URL] => https://rpersonalshopper.vendhq.com/channel_webhooks/1219538674955800576
            [Duration] => 0.67944
            [Request] => Array
                (
                    [Method] => POST
                    [Headers] => Array
                        (
                            [User-Agent] => WooCommerce/3.9.1 Hookshot (WordPress/5.3.2)
                            [Content-Type] => application/json
                            [X-WC-Webhook-Source] => https://rps.fashion/
                            [X-WC-Webhook-Topic] => product.deleted
                            [X-WC-Webhook-Resource] => product
                            [X-WC-Webhook-Event] => deleted
                            [X-WC-Webhook-Signature] => K/lGNU52DkoMNjE7vb2+9umwwtQhqF/GdJgxzYRSW1I=
                            [X-WC-Webhook-ID] => 28
                            [X-WC-Webhook-Delivery-ID] => ee41d404cc31afee6173705e17d91da7
                        )

                )

            [Body] => Webhook body is not logged unless WP_DEBUG mode is turned on. This is to avoid the storing of personal data in the logs.
            [Response] => Array
                (
                    [Code] => 202
                    [Message] => Accepted
                    [Headers] => Requests_Utility_CaseInsensitiveDictionary Object
                        (
                            [data:protected] => Array
                                (
                                    [date] => Tue, 17 Mar 2020 01:02:57 GMT
                                    [content-type] => application/octet-stream
                                    [content-length] => 0
                                    [server] => openresty
                                    [x-amzn-trace-id] => Root=1-5e7021c1-c012d769db68f202fa9f9eb5
                                    [vend-rid] => c012d769db68f202fa9f9eb5
                                    [vend-ingress] => duke-4e9e9515f910
                                    [vend-canary] => wattle_street
                                    [x-webkit-csp] => frame-ancestors 'self' *.vendhq.com; report-uri https://csp.api.vendhq.com/prod/report;
                                    [x-content-security-policy] => frame-ancestors 'self' *.vendhq.com; report-uri https://csp.api.vendhq.com/prod/report;
                                    [x-frame-options] => SAMEORIGIN
                                    [content-security-policy] => frame-ancestors 'self' *.vendhq.com; report-uri https://csp.api.vendhq.com/prod/report;
                                    [x-hue] => router-0b1ebe447b2cc5a8d
                                )

                        )

                    [Body] => Webhook body is not logged unless WP_DEBUG mode is turned on. This is to avoid the storing of personal data in the logs.
                )

        )

)

2020-03-17T01:02:57+00:00 INFO Array
(
    [Webhook Delivery] => Array
        (
            [Delivery ID] => ab1dc4be43718e95117e9abbf87a2930
            [Date] => Mar 17, 2020 @ 1:02
            [URL] => https://rpersonalshopper.vendhq.com/channel_webhooks/1219538674955800576
            [Duration] => 0.68506
            [Request] => Array
                (
                    [Method] => POST
                    [Headers] => Array
                        (
                            [User-Agent] => WooCommerce/3.9.1 Hookshot (WordPress/5.3.2)
                            [Content-Type] => application/json
                            [X-WC-Webhook-Source] => https://rps.fashion/
                            [X-WC-Webhook-Topic] => product.deleted
                            [X-WC-Webhook-Resource] => product
                            [X-WC-Webhook-Event] => deleted
                            [X-WC-Webhook-Signature] => 5XPMRYPNwR9LelMVY86w+G3EB+D70t5mxz/IvuhxuWk=
                            [X-WC-Webhook-ID] => 28
                            [X-WC-Webhook-Delivery-ID] => ab1dc4be43718e95117e9abbf87a2930
                        )

                )

            [Body] => Webhook body is not logged unless WP_DEBUG mode is turned on. This is to avoid the storing of personal data in the logs.
            [Response] => Array
                (
                    [Code] => 202
                    [Message] => Accepted
                    [Headers] => Requests_Utility_CaseInsensitiveDictionary Object
                        (
                            [data:protected] => Array
                                (
                                    [date] => Tue, 17 Mar 2020 01:02:57 GMT
                                    [content-type] => application/octet-stream
                                    [content-length] => 0
                                    [server] => openresty
                                    [x-amzn-trace-id] => Root=1-5e7021c1-46d31c9e9a473f20df073d96
                                    [vend-rid] => 46d31c9e9a473f20df073d96
                                    [vend-ingress] => duke-ebdef588cbe2
                                    [vend-canary] => wattle_street
                                    [x-webkit-csp] => frame-ancestors 'self' *.vendhq.com; report-uri https://csp.api.vendhq.com/prod/report;
                                    [x-content-security-policy] => frame-ancestors 'self' *.vendhq.com; report-uri https://csp.api.vendhq.com/prod/report;
                                    [x-frame-options] => SAMEORIGIN
                                    [content-security-policy] => frame-ancestors 'self' *.vendhq.com; report-uri https://csp.api.vendhq.com/prod/report;
                                    [x-hue] => router-0593edf601090d34f
                                )

                        )

                    [Body] => Webhook body is not logged unless WP_DEBUG mode is turned on. This is to avoid the storing of personal data in the logs.
                )

        )

)

2020-03-17T01:02:58+00:00 INFO Array
(
    [Webhook Delivery] => Array
        (
            [Delivery ID] => ab1dc4be43718e95117e9abbf87a2930
            [Date] => Mar 17, 2020 @ 1:02
            [URL] => https://rpersonalshopper.vendhq.com/channel_webhooks/1219538674955800576
            [Duration] => 0.66576
            [Request] => Array
                (
                    [Method] => POST
                    [Headers] => Array
                        (
                            [User-Agent] => WooCommerce/3.9.1 Hookshot (WordPress/5.3.2)
                            [Content-Type] => application/json
                            [X-WC-Webhook-Source] => https://rps.fashion/
                            [X-WC-Webhook-Topic] => product.deleted
                            [X-WC-Webhook-Resource] => product
                            [X-WC-Webhook-Event] => deleted
                            [X-WC-Webhook-Signature] => 41zVCCp5LHnUySdmbCeWQZojgxHBkK7drOQKIUJ6TYc=
                            [X-WC-Webhook-ID] => 28
                            [X-WC-Webhook-Delivery-ID] => ab1dc4be43718e95117e9abbf87a2930
                        )

                )

            [Body] => Webhook body is not logged unless WP_DEBUG mode is turned on. This is to avoid the storing of personal data in the logs.
            [Response] => Array
                (
                    [Code] => 202
                    [Message] => Accepted
                    [Headers] => Requests_Utility_CaseInsensitiveDictionary Object
                        (
                            [data:protected] => Array
                                (
                                    [date] => Tue, 17 Mar 2020 01:02:58 GMT
                                    [content-type] => application/octet-stream
                                    [content-length] => 0
                                    [server] => openresty
                                    [x-amzn-trace-id] => Root=1-5e7021c2-ae4afb2addf8d46840111cd3
                                    [vend-rid] => ae4afb2addf8d46840111cd3
                                    [vend-ingress] => duke-738bc7aaebc7
                                    [vend-canary] => wattle_street
                                    [x-webkit-csp] => frame-ancestors 'self' *.vendhq.com; report-uri https://csp.api.vendhq.com/prod/report;
                                    [x-content-security-policy] => frame-ancestors 'self' *.vendhq.com; report-uri https://csp.api.vendhq.com/prod/report;
                                    [x-frame-options] => SAMEORIGIN
                                    [content-security-policy] => frame-ancestors 'self' *.vendhq.com; report-uri https://csp.api.vendhq.com/prod/report;
                                    [x-hue] => router-0593edf601090d34f
                                )

                        )

                    [Body] => Webhook body is not logged unless WP_DEBUG mode is turned on. This is to avoid the storing of personal data in the logs.
                )

        )

)

2020-03-17T01:02:59+00:00 INFO Array
(
    [Webhook Delivery] => Array
        (
            [Delivery ID] => fd6f469306c158db250b96e234430d6a
            [Date] => Mar 17, 2020 @ 1:02
            [URL] => https://rpersonalshopper.vendhq.com/channel_webhooks/1219538674955800576
            [Duration] => 0.65324
            [Request] => Array
                (
                    [Method] => POST
                    [Headers] => Array
                        (
                            [User-Agent] => WooCommerce/3.9.1 Hookshot (WordPress/5.3.2)
                            [Content-Type] => application/json
                            [X-WC-Webhook-Source] => https://rps.fashion/
                            [X-WC-Webhook-Topic] => product.deleted
                            [X-WC-Webhook-Resource] => product
                            [X-WC-Webhook-Event] => deleted
                            [X-WC-Webhook-Signature] => pyHZGbynwI2MP954rijrqcg8rI3xlerNY55bkATlFn8=
                            [X-WC-Webhook-ID] => 28
                            [X-WC-Webhook-Delivery-ID] => fd6f469306c158db250b96e234430d6a
                        )

                )

            [Body] => Webhook body is not logged unless WP_DEBUG mode is turned on. This is to avoid the storing of personal data in the logs.
            [Response] => Array
                (
                    [Code] => 202
                    [Message] => Accepted
                    [Headers] => Requests_Utility_CaseInsensitiveDictionary Object
                        (
                            [data:protected] => Array
                                (
                                    [date] => Tue, 17 Mar 2020 01:02:59 GMT
                                    [content-type] => application/octet-stream
                                    [content-length] => 0
                                    [server] => openresty
                                    [x-amzn-trace-id] => Root=1-5e7021c3-4ca244e04be169b513ef5143
                                    [vend-rid] => 4ca244e04be169b513ef5143
                                    [vend-ingress] => duke-e4e6ef6d75c3
                                    [vend-canary] => wattle_street
                                    [x-webkit-csp] => frame-ancestors 'self' *.vendhq.com; report-uri https://csp.api.vendhq.com/prod/report;
                                    [x-content-security-policy] => frame-ancestors 'self' *.vendhq.com; report-uri https://csp.api.vendhq.com/prod/report;
                                    [x-frame-options] => SAMEORIGIN
                                    [content-security-policy] => frame-ancestors 'self' *.vendhq.com; report-uri https://csp.api.vendhq.com/prod/report;
                                    [x-hue] => router-069b14f7bf2aa3f16
                                )

                        )

                    [Body] => Webhook body is not logged unless WP_DEBUG mode is turned on. This is to avoid the storing of personal data in the logs.
                )

        )

)

