2020-03-11T12:35:53+00:00 INFO Array
(
    [Webhook Delivery] => Array
        (
            [Delivery ID] => 28657a5bcc460ced4e2a7faba6dcafe1
            [Date] => Mar 11, 2020 @ 12:35
            [URL] => https://rpersonalshopper.vendhq.com/channel_webhooks/1219538674955800576
            [Duration] => 0.71022
            [Request] => Array
                (
                    [Method] => POST
                    [Headers] => Array
                        (
                            [User-Agent] => WooCommerce/3.9.1 Hookshot (WordPress/5.3.2)
                            [Content-Type] => application/json
                            [X-WC-Webhook-Source] => https://rps.fashion/
                            [X-WC-Webhook-Topic] => product.deleted
                            [X-WC-Webhook-Resource] => product
                            [X-WC-Webhook-Event] => deleted
                            [X-WC-Webhook-Signature] => 2dBrMD0XZITD0GkrgP/rbIgr29fwT9KEdeAHmcp6vSI=
                            [X-WC-Webhook-ID] => 28
                            [X-WC-Webhook-Delivery-ID] => 28657a5bcc460ced4e2a7faba6dcafe1
                        )

                )

            [Body] => Webhook body is not logged unless WP_DEBUG mode is turned on. This is to avoid the storing of personal data in the logs.
            [Response] => Array
                (
                    [Code] => 202
                    [Message] => Accepted
                    [Headers] => Requests_Utility_CaseInsensitiveDictionary Object
                        (
                            [data:protected] => Array
                                (
                                    [date] => Wed, 11 Mar 2020 12:35:53 GMT
                                    [content-type] => application/octet-stream
                                    [content-length] => 0
                                    [server] => openresty
                                    [x-amzn-trace-id] => Root=1-5e68db29-641c01b0014e1a8239254a60
                                    [vend-rid] => 641c01b0014e1a8239254a60
                                    [vend-ingress] => duke-35bf2940a7c8
                                    [vend-canary] => wattle_street
                                    [x-webkit-csp] => frame-ancestors 'self' *.vendhq.com; report-uri https://csp.api.vendhq.com/prod/report;
                                    [x-content-security-policy] => frame-ancestors 'self' *.vendhq.com; report-uri https://csp.api.vendhq.com/prod/report;
                                    [x-frame-options] => SAMEORIGIN
                                    [content-security-policy] => frame-ancestors 'self' *.vendhq.com; report-uri https://csp.api.vendhq.com/prod/report;
                                    [x-hue] => router-049d2cdc4b41ea0e4
                                )

                        )

                    [Body] => Webhook body is not logged unless WP_DEBUG mode is turned on. This is to avoid the storing of personal data in the logs.
                )

        )

)

2020-03-11T12:38:13+00:00 INFO Array
(
    [Webhook Delivery] => Array
        (
            [Delivery ID] => fb424d4d8053dc0fc5bf477414bb95ec
            [Date] => Mar 11, 2020 @ 12:38
            [URL] => https://rpersonalshopper.vendhq.com/channel_webhooks/1219538674955800576
            [Duration] => 0.66625
            [Request] => Array
                (
                    [Method] => POST
                    [Headers] => Array
                        (
                            [User-Agent] => WooCommerce/3.9.1 Hookshot (WordPress/5.3.2)
                            [Content-Type] => application/json
                            [X-WC-Webhook-Source] => https://rps.fashion/
                            [X-WC-Webhook-Topic] => product.deleted
                            [X-WC-Webhook-Resource] => product
                            [X-WC-Webhook-Event] => deleted
                            [X-WC-Webhook-Signature] => hxi0K1joIE+gDIkPZBa3HQSoAMTlgBNAmv3YMUj4fIE=
                            [X-WC-Webhook-ID] => 28
                            [X-WC-Webhook-Delivery-ID] => fb424d4d8053dc0fc5bf477414bb95ec
                        )

                )

            [Body] => Webhook body is not logged unless WP_DEBUG mode is turned on. This is to avoid the storing of personal data in the logs.
            [Response] => Array
                (
                    [Code] => 202
                    [Message] => Accepted
                    [Headers] => Requests_Utility_CaseInsensitiveDictionary Object
                        (
                            [data:protected] => Array
                                (
                                    [date] => Wed, 11 Mar 2020 12:38:13 GMT
                                    [content-type] => application/octet-stream
                                    [content-length] => 0
                                    [server] => openresty
                                    [x-amzn-trace-id] => Root=1-5e68dbb5-679dc15bbfd1cf2e8abe4d01
                                    [vend-rid] => 679dc15bbfd1cf2e8abe4d01
                                    [vend-ingress] => duke-72e8e88c3084
                                    [vend-canary] => wattle_street
                                    [x-webkit-csp] => frame-ancestors 'self' *.vendhq.com; report-uri https://csp.api.vendhq.com/prod/report;
                                    [x-content-security-policy] => frame-ancestors 'self' *.vendhq.com; report-uri https://csp.api.vendhq.com/prod/report;
                                    [x-frame-options] => SAMEORIGIN
                                    [content-security-policy] => frame-ancestors 'self' *.vendhq.com; report-uri https://csp.api.vendhq.com/prod/report;
                                    [x-hue] => router-0e50afdcc62591894
                                )

                        )

                    [Body] => Webhook body is not logged unless WP_DEBUG mode is turned on. This is to avoid the storing of personal data in the logs.
                )

        )

)

